Starting job on  Sat Mar 1 11:36:36 AM CST 2025
Running on  Linux login.uscms.org 5.14.0-427.22.1.el9_4.x86_64 #1 SMP PREEMPT_DYNAMIC Sun Jun 23 17:57:52 EDT 2024 x86_64 x86_64 x86_64 GNU/Linux
System release  CentOS Linux release 9.4 (Core)
name: WLJetsToQQ_5f_LO_FXFX
carddir: cards/WLJetsToQQ_5f_LO_FXFX
queue: local
scram_arch: el9_amd64_gcc11
cmssw_version: CMSSW_13_2_9
On branch master
Your branch is up to date with 'origin/master'.

Untracked files:
  (use "git add <file>..." to include in what will be committed)
	WJetsToQQ_5f_LO_FXFX.log
	WJetsToQQ_5f_LO_FXFX/
	WJetsToQQ_5f_LO_FXFX_el9_amd64_gcc11_CMSSW_13_2_9_tarball.tar.xz
	WLJetsToQQ_5f_LO_FXFX.log
	cards/WJetsToQQ_5f_LO_FXFX/
	cards/WLJetsToQQ_5f_LO_FXFX/

nothing added to commit but untracked files present (use "git add" to track)
Current git revision is:
be2349df895fd46c8bcb7a5fe170be298464f129
/scratch/wbuitrag/genproductions/bin/MadGraph5_aMCatNLO
WARNING: In non-interactive mode release checks e.g. deprecated releases, production architectures are disabled.
WARNING: You are trying to use SCRAM architecture 'el9' on host with operating system 'cc9'.
         This is not supported and likely will not work and you might get build/runtime errors. Please either
         - use correct SCRAM_ARCH to match your host's operating system.
         - OR use 'cmssw-el9' script to start a singularity container (http://cms-sw.github.io/singularity.html)
         - OR use host which has 'el9' installed e.g. lxplus8 for el8, lxplus9 for el9 or lxplus7 for slc7.
WARNING: You are trying to use SCRAM architecture 'el9' on host with operating system 'cc9'.
         This is not supported and likely will not work and you might get build/runtime errors. Please either
         - use correct SCRAM_ARCH to match your host's operating system.
         - OR use 'cmssw-el9' script to start a singularity container (http://cms-sw.github.io/singularity.html)
         - OR use host which has 'el9' installed e.g. lxplus8 for el8, lxplus9 for el9 or lxplus7 for slc7.
--2025-03-01 11:36:39--  https://cms-project-generators.web.cern.ch/cms-project-generators/MG5_aMC_v2.9.18.tar.gz
Resolving cms-project-generators.web.cern.ch (cms-project-generators.web.cern.ch)... 2001:1458:d00:16::41d, 2001:1458:d00:65::100:265, 2001:1458:d00:62::100:2e8, ...
Connecting to cms-project-generators.web.cern.ch (cms-project-generators.web.cern.ch)|2001:1458:d00:16::41d|:443... connected.
HTTP request sent, awaiting response... 200 OK
Length: 26651876 (25M) [application/x-gzip]
Saving to: 'MG5_aMC_v2.9.18.tar.gz'

     0K .......... .......... .......... .......... ..........  0%  259K 1m40s
    50K .......... .......... .......... .......... ..........  0%  772K 67s
   100K .......... .......... .......... .......... ..........  0% 1.51M 50s
   150K .......... .......... .......... .......... ..........  0% 55.2M 38s
   200K .......... .......... .......... .......... ..........  0%  524K 40s
   250K .......... .......... .......... .......... ..........  1% 56.2M 33s
   300K .......... .......... .......... .......... ..........  1% 62.8M 28s
   350K .......... .......... .......... .......... ..........  1%  111M 25s
   400K .......... .......... .......... .......... ..........  1%  796K 26s
   450K .......... .......... .......... .......... ..........  1% 98.6M 23s
   500K .......... .......... .......... .......... ..........  2% 1.55M 22s
   550K .......... .......... .......... .......... ..........  2% 95.0M 21s
   600K .......... .......... .......... .......... ..........  2% 88.6M 19s
   650K .......... .......... .......... .......... ..........  2%  128M 18s
   700K .......... .......... .......... .......... ..........  2%  125M 16s
   750K .......... .......... .......... .......... ..........  3%  126M 15s
   800K .......... .......... .......... .......... ..........  3% 1.28M 16s
   850K .......... .......... .......... .......... ..........  3% 1.99M 15s
   900K .......... .......... .......... .......... ..........  3%  105M 14s
   950K .......... .......... .......... .......... ..........  3%  136M 14s
  1000K .......... .......... .......... .......... ..........  4% 1.58M 14s
  1050K .......... .......... .......... .......... ..........  4% 99.5M 13s
  1100K .......... .......... .......... .......... ..........  4%  110M 13s
  1150K .......... .......... .......... .......... ..........  4%  128M 12s
  1200K .......... .......... .......... .......... ..........  4%  124M 12s
  1250K .......... .......... .......... .......... ..........  4%  123M 11s
  1300K .......... .......... .......... .......... ..........  5%  114M 11s
  1350K .......... .......... .......... .......... ..........  5%  131M 10s
  1400K .......... .......... .......... .......... ..........  5%  135M 10s
  1450K .......... .......... .......... .......... ..........  5%  132M 10s
  1500K .......... .......... .......... .......... ..........  5%  119M 9s
  1550K .......... .......... .......... .......... ..........  6%  138M 9s
  1600K .......... .......... .......... .......... ..........  6%  134M 9s
  1650K .......... .......... .......... .......... ..........  6%  137M 8s
  1700K .......... .......... .......... .......... ..........  6%  827K 9s
  1750K .......... .......... .......... .......... ..........  6% 97.6M 9s
  1800K .......... .......... .......... .......... ..........  7%  129M 8s
  1850K .......... .......... .......... .......... ..........  7%  117M 8s
  1900K .......... .......... .......... .......... ..........  7%  129M 8s
  1950K .......... .......... .......... .......... ..........  7%  128M 8s
  2000K .......... .......... .......... .......... ..........  7%  131M 8s
  2050K .......... .......... .......... .......... ..........  8% 1.70M 8s
  2100K .......... .......... .......... .......... ..........  8%  124M 8s
  2150K .......... .......... .......... .......... ..........  8%  131M 7s
  2200K .......... .......... .......... .......... ..........  8%  122M 7s
  2250K .......... .......... .......... .......... ..........  8%  110M 7s
  2300K .......... .......... .......... .......... ..........  9%  128M 7s
  2350K .......... .......... .......... .......... ..........  9%  134M 7s
  2400K .......... .......... .......... .......... ..........  9%  137M 7s
  2450K .......... .......... .......... .......... ..........  9%  111M 6s
  2500K .......... .......... .......... .......... ..........  9%  132M 6s
  2550K .......... .......... .......... .......... ..........  9%  126M 6s
  2600K .......... .......... .......... .......... .......... 10%  131M 6s
  2650K .......... .......... .......... .......... .......... 10%  122M 6s
  2700K .......... .......... .......... .......... .......... 10%  134M 6s
  2750K .......... .......... .......... .......... .......... 10%  135M 6s
  2800K .......... .......... .......... .......... .......... 10%  112M 6s
  2850K .......... .......... .......... .......... .......... 11%  131M 5s
  2900K .......... .......... .......... .......... .......... 11%  136M 5s
  2950K .......... .......... .......... .......... .......... 11%  136M 5s
  3000K .......... .......... .......... .......... .......... 11%  118M 5s
  3050K .......... .......... .......... .......... .......... 11%  137M 5s
  3100K .......... .......... .......... .......... .......... 12%  110M 5s
  3150K .......... .......... .......... .......... .......... 12%  139M 5s
  3200K .......... .......... .......... .......... .......... 12%  193M 5s
  3250K .......... .......... .......... .......... .......... 12%  224M 5s
  3300K .......... .......... .......... .......... .......... 12%  218M 5s
  3350K .......... .......... .......... .......... .......... 13%  227M 5s
  3400K .......... .......... .......... .......... .......... 13%  893K 5s
  3450K .......... .......... .......... .......... .......... 13%  121M 5s
  3500K .......... .......... .......... .......... .......... 13%  113M 5s
  3550K .......... .......... .......... .......... .......... 13%  126M 5s
  3600K .......... .......... .......... .......... .......... 14%  109M 5s
  3650K .......... .......... .......... .......... .......... 14%  137M 4s
  3700K .......... .......... .......... .......... .......... 14%  134M 4s
  3750K .......... .......... .......... .......... .......... 14%  115M 4s
  3800K .......... .......... .......... .......... .......... 14%  119M 4s
  3850K .......... .......... .......... .......... .......... 14%  132M 4s
  3900K .......... .......... .......... .......... .......... 15%  112M 4s
  3950K .......... .......... .......... .......... .......... 15%  135M 4s
  4000K .......... .......... .......... .......... .......... 15%  130M 4s
  4050K .......... .......... .......... .......... .......... 15%  133M 4s
  4100K .......... .......... .......... .......... .......... 15%  123M 4s
  4150K .......... .......... .......... .......... .......... 16% 1.90M 4s
  4200K .......... .......... .......... .......... .......... 16%  114M 4s
  4250K .......... .......... .......... .......... .......... 16%  105M 4s
  4300K .......... .......... .......... .......... .......... 16%  121M 4s
  4350K .......... .......... .......... .......... .......... 16%  124M 4s
  4400K .......... .......... .......... .......... .......... 17%  124M 4s
  4450K .......... .......... .......... .......... .......... 17%  113M 4s
  4500K .......... .......... .......... .......... .......... 17%  125M 4s
  4550K .......... .......... .......... .......... .......... 17%  125M 4s
  4600K .......... .......... .......... .......... .......... 17%  131M 4s
  4650K .......... .......... .......... .......... .......... 18%  113M 4s
  4700K .......... .......... .......... .......... .......... 18%  130M 3s
  4750K .......... .......... .......... .......... .......... 18%  136M 3s
  4800K .......... .......... .......... .......... .......... 18%  132M 3s
  4850K .......... .......... .......... .......... .......... 18%  117M 3s
  4900K .......... .......... .......... .......... .......... 19%  120M 3s
  4950K .......... .......... .......... .......... .......... 19%  131M 3s
  5000K .......... .......... .......... .......... .......... 19%  136M 3s
  5050K .......... .......... .......... .......... .......... 19%  109M 3s
  5100K .......... .......... .......... .......... .......... 19%  133M 3s
  5150K .......... .......... .......... .......... .......... 19%  131M 3s
  5200K .......... .......... .......... .......... .......... 20%  132M 3s
  5250K .......... .......... .......... .......... .......... 20%  121M 3s
  5300K .......... .......... .......... .......... .......... 20%  122M 3s
  5350K .......... .......... .......... .......... .......... 20%  128M 3s
  5400K .......... .......... .......... .......... .......... 20%  111M 3s
  5450K .......... .......... .......... .......... .......... 21%  131M 3s
  5500K .......... .......... .......... .......... .......... 21%  135M 3s
  5550K .......... .......... .......... .......... .......... 21%  127M 3s
  5600K .......... .......... .......... .......... .......... 21%  117M 3s
  5650K .......... .......... .......... .......... .......... 21%  133M 3s
  5700K .......... .......... .......... .......... .......... 22%  187M 3s
  5750K .......... .......... .......... .......... .......... 22%  285M 3s
  5800K .......... .......... .......... .......... .......... 22%  227M 3s
  5850K .......... .......... .......... .......... .......... 22%  283M 3s
  5900K .......... .......... .......... .......... .......... 22%  285M 3s
  5950K .......... .......... .......... .......... .......... 23%  285M 3s
  6000K .......... .......... .......... .......... .......... 23%  258M 3s
  6050K .......... .......... .......... .......... .......... 23%  267M 3s
  6100K .......... .......... .......... .......... .......... 23%  285M 3s
  6150K .......... .......... .......... .......... .......... 23%  251M 3s
  6200K .......... .......... .......... .......... .......... 24%  234M 2s
  6250K .......... .......... .......... .......... .......... 24%  280M 2s
  6300K .......... .......... .......... .......... .......... 24%  252M 2s
  6350K .......... .......... .......... .......... .......... 24%  250M 2s
  6400K .......... .......... .......... .......... .......... 24%  266M 2s
  6450K .......... .......... .......... .......... .......... 24%  271M 2s
  6500K .......... .......... .......... .......... .......... 25%  271M 2s
  6550K .......... .......... .......... .......... .......... 25%  215M 2s
  6600K .......... .......... .......... .......... .......... 25%  275M 2s
  6650K .......... .......... .......... .......... .......... 25%  277M 2s
  6700K .......... .......... .......... .......... .......... 25%  278M 2s
  6750K .......... .......... .......... .......... .......... 26% 1.94M 2s
  6800K .......... .......... .......... .......... .......... 26% 1.99M 2s
  6850K .......... .......... .......... .......... .......... 26%  134M 2s
  6900K .......... .......... .......... .......... .......... 26%  160M 2s
  6950K .......... .......... .......... .......... .......... 26%  128M 2s
  7000K .......... .......... .......... .......... .......... 27%  133M 2s
  7050K .......... .......... .......... .......... .......... 27%  129M 2s
  7100K .......... .......... .......... .......... .......... 27%  130M 2s
  7150K .......... .......... .......... .......... .......... 27%  120M 2s
  7200K .......... .......... .......... .......... .......... 27%  130M 2s
  7250K .......... .......... .......... .......... .......... 28%  134M 2s
  7300K .......... .......... .......... .......... .......... 28%  110M 2s
  7350K .......... .......... .......... .......... .......... 28%  130M 2s
  7400K .......... .......... .......... .......... .......... 28% 1.74M 2s
  7450K .......... .......... .......... .......... .......... 28%  106M 2s
  7500K .......... .......... .......... .......... .......... 29%  105M 2s
  7550K .......... .......... .......... .......... .......... 29%  125M 2s
  7600K .......... .......... .......... .......... .......... 29%  122M 2s
  7650K .......... .......... .......... .......... .......... 29%  115M 2s
  7700K .......... .......... .......... .......... .......... 29%  106M 2s
  7750K .......... .......... .......... .......... .......... 29%  125M 2s
  7800K .......... .......... .......... .......... .......... 30%  128M 2s
  7850K .......... .......... .......... .......... .......... 30%  127M 2s
  7900K .......... .......... .......... .......... .......... 30%  115M 2s
  7950K .......... .......... .......... .......... .......... 30%  129M 2s
  8000K .......... .......... .......... .......... .......... 30%  126M 2s
  8050K .......... .......... .......... .......... .......... 31%  123M 2s
  8100K .......... .......... .......... .......... .......... 31%  109M 2s
  8150K .......... .......... .......... .......... .......... 31%  151M 2s
  8200K .......... .......... .......... .......... .......... 31%  136M 2s
  8250K .......... .......... .......... .......... .......... 31%  144M 2s
  8300K .......... .......... .......... .......... .......... 32%  135M 2s
  8350K .......... .......... .......... .......... .......... 32%  152M 2s
  8400K .......... .......... .......... .......... .......... 32%  148M 2s
  8450K .......... .......... .......... .......... .......... 32%  120M 2s
  8500K .......... .......... .......... .......... .......... 32%  151M 2s
  8550K .......... .......... .......... .......... .......... 33%  142M 2s
  8600K .......... .......... .......... .......... .......... 33%  150M 2s
  8650K .......... .......... .......... .......... .......... 33%  136M 2s
  8700K .......... .......... .......... .......... .......... 33%  147M 2s
  8750K .......... .......... .......... .......... .......... 33%  152M 2s
  8800K .......... .......... .......... .......... .......... 34%  150M 2s
  8850K .......... .......... .......... .......... .......... 34%  122M 2s
  8900K .......... .......... .......... .......... .......... 34%  153M 2s
  8950K .......... .......... .......... .......... .......... 34%  150M 2s
  9000K .......... .......... .......... .......... .......... 34%  150M 2s
  9050K .......... .......... .......... .......... .......... 34%  133M 2s
  9100K .......... .......... .......... .......... .......... 35%  148M 2s
  9150K .......... .......... .......... .......... .......... 35%  149M 2s
  9200K .......... .......... .......... .......... .......... 35%  152M 2s
  9250K .......... .......... .......... .......... .......... 35%  126M 2s
  9300K .......... .......... .......... .......... .......... 35%  137M 2s
  9350K .......... .......... .......... .......... .......... 36%  147M 2s
  9400K .......... .......... .......... .......... .......... 36%  129M 2s
  9450K .......... .......... .......... .......... .......... 36%  151M 2s
  9500K .......... .......... .......... .......... .......... 36%  151M 2s
  9550K .......... .......... .......... .......... .......... 36%  170M 2s
  9600K .......... .......... .......... .......... .......... 37%  171M 2s
  9650K .......... .......... .......... .......... .......... 37%  320M 1s
  9700K .......... .......... .......... .......... .......... 37%  320M 1s
  9750K .......... .......... .......... .......... .......... 37%  315M 1s
  9800K .......... .......... .......... .......... .......... 37%  287M 1s
  9850K .......... .......... .......... .......... .......... 38%  280M 1s
  9900K .......... .......... .......... .......... .......... 38%  325M 1s
  9950K .......... .......... .......... .......... .......... 38%  317M 1s
 10000K .......... .......... .......... .......... .......... 38%  266M 1s
 10050K .......... .......... .......... .......... .......... 38%  315M 1s
 10100K .......... .......... .......... .......... .......... 38%  303M 1s
 10150K .......... .......... .......... .......... .......... 39%  297M 1s
 10200K .......... .......... .......... .......... .......... 39%  289M 1s
 10250K .......... .......... .......... .......... .......... 39%  294M 1s
 10300K .......... .......... .......... .......... .......... 39%  321M 1s
 10350K .......... .......... .......... .......... .......... 39%  259M 1s
 10400K .......... .......... .......... .......... .......... 40%  307M 1s
 10450K .......... .......... .......... .......... .......... 40%  293M 1s
 10500K .......... .......... .......... .......... .......... 40%  312M 1s
 10550K .......... .......... .......... .......... .......... 40%  283M 1s
 10600K .......... .......... .......... .......... .......... 40%  295M 1s
 10650K .......... .......... .......... .......... .......... 41%  318M 1s
 10700K .......... .......... .......... .......... .......... 41%  322M 1s
 10750K .......... .......... .......... .......... .......... 41%  634K 1s
 10800K .......... .......... .......... .......... .......... 41%  178M 1s
 10850K .......... .......... .......... .......... .......... 41%  261M 1s
 10900K .......... .......... .......... .......... .......... 42%  219M 1s
 10950K .......... .......... .......... .......... .......... 42%  218M 1s
 11000K .......... .......... .......... .......... .......... 42%  206M 1s
 11050K .......... .......... .......... .......... .......... 42%  222M 1s
 11100K .......... .......... .......... .......... .......... 42%  238M 1s
 11150K .......... .......... .......... .......... .......... 43%  188M 1s
 11200K .......... .......... .......... .......... .......... 43%  238M 1s
 11250K .......... .......... .......... .......... .......... 43%  228M 1s
 11300K .......... .......... .......... .......... .......... 43%  245M 1s
 11350K .......... .......... .......... .......... .......... 43%  213M 1s
 11400K .......... .......... .......... .......... .......... 43%  226M 1s
 11450K .......... .......... .......... .......... .......... 44%  232M 1s
 11500K .......... .......... .......... .......... .......... 44%  222M 1s
 11550K .......... .......... .......... .......... .......... 44%  193M 1s
 11600K .......... .......... .......... .......... .......... 44%  229M 1s
 11650K .......... .......... .......... .......... .......... 44%  233M 1s
 11700K .......... .......... .......... .......... .......... 45%  225M 1s
 11750K .......... .......... .......... .......... .......... 45%  204M 1s
 11800K .......... .......... .......... .......... .......... 45%  228M 1s
 11850K .......... .......... .......... .......... .......... 45%  219M 1s
 11900K .......... .......... .......... .......... .......... 45%  184M 1s
 11950K .......... .......... .......... .......... .......... 46%  195M 1s
 12000K .......... .......... .......... .......... .......... 46%  230M 1s
 12050K .......... .......... .......... .......... .......... 46%  214M 1s
 12100K .......... .......... .......... .......... .......... 46%  198M 1s
 12150K .......... .......... .......... .......... .......... 46%  208M 1s
 12200K .......... .......... .......... .......... .......... 47%  232M 1s
 12250K .......... .......... .......... .......... .......... 47%  234M 1s
 12300K .......... .......... .......... .......... .......... 47%  191M 1s
 12350K .......... .......... .......... .......... .......... 47%  223M 1s
 12400K .......... .......... .......... .......... .......... 47%  227M 1s
 12450K .......... .......... .......... .......... .......... 48%  234M 1s
 12500K .......... .......... .......... .......... .......... 48%  199M 1s
 12550K .......... .......... .......... .......... .......... 48%  316M 1s
 12600K .......... .......... .......... .......... .......... 48%  297M 1s
 12650K .......... .......... .......... .......... .......... 48%  299M 1s
 12700K .......... .......... .......... .......... .......... 48%  247M 1s
 12750K .......... .......... .......... .......... .......... 49%  315M 1s
 12800K .......... .......... .......... .......... .......... 49%  300M 1s
 12850K .......... .......... .......... .......... .......... 49%  286M 1s
 12900K .......... .......... .......... .......... .......... 49%  284M 1s
 12950K .......... .......... .......... .......... .......... 49%  308M 1s
 13000K .......... .......... .......... .......... .......... 50%  315M 1s
 13050K .......... .......... .......... .......... .......... 50%  252M 1s
 13100K .......... .......... .......... .......... .......... 50%  312M 1s
 13150K .......... .......... .......... .......... .......... 50%  290M 1s
 13200K .......... .......... .......... .......... .......... 50%  302M 1s
 13250K .......... .......... .......... .......... .......... 51%  265M 1s
 13300K .......... .......... .......... .......... .......... 51%  317M 1s
 13350K .......... .......... .......... .......... .......... 51%  317M 1s
 13400K .......... .......... .......... .......... .......... 51%  301M 1s
 13450K .......... .......... .......... .......... .......... 51%  262M 1s
 13500K .......... .......... .......... .......... .......... 52%  318M 1s
 13550K .......... .......... .......... .......... .......... 52%  171M 1s
 13600K .......... .......... .......... .......... .......... 52%  255M 1s
 13650K .......... .......... .......... .......... .......... 52%  276M 1s
 13700K .......... .......... .......... .......... .......... 52%  263M 1s
 13750K .......... .......... .......... .......... .......... 53%  243M 1s
 13800K .......... .......... .......... .......... .......... 53%  225M 1s
 13850K .......... .......... .......... .......... .......... 53%  266M 1s
 13900K .......... .......... .......... .......... .......... 53%  247M 1s
 13950K .......... .......... .......... .......... .......... 53%  262M 1s
 14000K .......... .......... .......... .......... .......... 53%  281M 1s
 14050K .......... .......... .......... .......... .......... 54%  259M 1s
 14100K .......... .......... .......... .......... .......... 54%  276M 1s
 14150K .......... .......... .......... .......... .......... 54%  313M 1s
 14200K .......... .......... .......... .......... .......... 54%  273M 1s
 14250K .......... .......... .......... .......... .......... 54%  288M 1s
 14300K .......... .......... .......... .......... .......... 55%  251M 1s
 14350K .......... .......... .......... .......... .......... 55%  296M 1s
 14400K .......... .......... .......... .......... .......... 55%  307M 1s
 14450K .......... .......... .......... .......... .......... 55%  282M 1s
 14500K .......... .......... .......... .......... .......... 55%  278M 1s
 14550K .......... .......... .......... .......... .......... 56%  281M 1s
 14600K .......... .......... .......... .......... .......... 56%  277M 1s
 14650K .......... .......... .......... .......... .......... 56%  342M 1s
 14700K .......... .......... .......... .......... .......... 56%  579K 1s
 14750K .......... .......... .......... .......... .......... 56% 80.6M 1s
 14800K .......... .......... .......... .......... .......... 57%  109M 1s
 14850K .......... .......... .......... .......... .......... 57%  106M 1s
 14900K .......... .......... .......... .......... .......... 57%  108M 1s
 14950K .......... .......... .......... .......... .......... 57%  106M 1s
 15000K .......... .......... .......... .......... .......... 57%  120M 1s
 15050K .......... .......... .......... .......... .......... 58%  127M 1s
 15100K .......... .......... .......... .......... .......... 58%  102M 1s
 15150K .......... .......... .......... .......... .......... 58%  127M 1s
 15200K .......... .......... .......... .......... .......... 58%  119M 1s
 15250K .......... .......... .......... .......... .......... 58%  122M 1s
 15300K .......... .......... .......... .......... .......... 58%  109M 1s
 15350K .......... .......... .......... .......... .......... 59%  127M 1s
 15400K .......... .......... .......... .......... .......... 59%  126M 1s
 15450K .......... .......... .......... .......... .......... 59%  130M 1s
 15500K .......... .......... .......... .......... .......... 59% 99.8M 1s
 15550K .......... .......... .......... .......... .......... 59%  172M 1s
 15600K .......... .......... .......... .......... .......... 60%  178M 1s
 15650K .......... .......... .......... .......... .......... 60%  171M 1s
 15700K .......... .......... .......... .......... .......... 60%  162M 1s
 15750K .......... .......... .......... .......... .......... 60%  179M 1s
 15800K .......... .......... .......... .......... .......... 60%  177M 1s
 15850K .......... .......... .......... .......... .......... 61%  190M 1s
 15900K .......... .......... .......... .......... .......... 61%  160M 1s
 15950K .......... .......... .......... .......... .......... 61%  186M 1s
 16000K .......... .......... .......... .......... .......... 61%  184M 1s
 16050K .......... .......... .......... .......... .......... 61%  157M 1s
 16100K .......... .......... .......... .......... .......... 62%  180M 1s
 16150K .......... .......... .......... .......... .......... 62%  180M 1s
 16200K .......... .......... .......... .......... .......... 62%  186M 1s
 16250K .......... .......... .......... .......... .......... 62%  158M 1s
 16300K .......... .......... .......... .......... .......... 62%  175M 1s
 16350K .......... .......... .......... .......... .......... 63%  188M 1s
 16400K .......... .......... .......... .......... .......... 63%  187M 1s
 16450K .......... .......... .......... .......... .......... 63%  170M 1s
 16500K .......... .......... .......... .......... .......... 63%  186M 1s
 16550K .......... .......... .......... .......... .......... 63%  181M 1s
 16600K .......... .......... .......... .......... .......... 63%  190M 1s
 16650K .......... .......... .......... .......... .......... 64%  157M 1s
 16700K .......... .......... .......... .......... .......... 64%  184M 1s
 16750K .......... .......... .......... .......... .......... 64%  190M 1s
 16800K .......... .......... .......... .......... .......... 64%  182M 1s
 16850K .......... .......... .......... .......... .......... 64%  164M 1s
 16900K .......... .......... .......... .......... .......... 65%  170M 1s
 16950K .......... .......... .......... .......... .......... 65%  189M 1s
 17000K .......... .......... .......... .......... .......... 65%  161M 1s
 17050K .......... .......... .......... .......... .......... 65%  175M 1s
 17100K .......... .......... .......... .......... .......... 65%  191M 1s
 17150K .......... .......... .......... .......... .......... 66%  190M 1s
 17200K .......... .......... .......... .......... .......... 66%  165M 1s
 17250K .......... .......... .......... .......... .......... 66%  189M 1s
 17300K .......... .......... .......... .......... .......... 66%  191M 1s
 17350K .......... .......... .......... .......... .......... 66%  328M 1s
 17400K .......... .......... .......... .......... .......... 67%  270M 1s
 17450K .......... .......... .......... .......... .......... 67%  264M 1s
 17500K .......... .......... .......... .......... .......... 67%  326M 1s
 17550K .......... .......... .......... .......... .......... 67%  311M 1s
 17600K .......... .......... .......... .......... .......... 67%  291M 1s
 17650K .......... .......... .......... .......... .......... 68%  324M 1s
 17700K .......... .......... .......... .......... .......... 68%  333M 1s
 17750K .......... .......... .......... .......... .......... 68%  316M 1s
 17800K .......... .......... .......... .......... .......... 68%  266M 0s
 17850K .......... .......... .......... .......... .......... 68%  328M 0s
 17900K .......... .......... .......... .......... .......... 68%  244M 0s
 17950K .......... .......... .......... .......... .......... 69%  260M 0s
 18000K .......... .......... .......... .......... .......... 69%  282M 0s
 18050K .......... .......... .......... .......... .......... 69%  264M 0s
 18100K .......... .......... .......... .......... .......... 69%  311M 0s
 18150K .......... .......... .......... .......... .......... 69%  262M 0s
 18200K .......... .......... .......... .......... .......... 70%  297M 0s
 18250K .......... .......... .......... .......... .......... 70%  271M 0s
 18300K .......... .......... .......... .......... .......... 70%  248M 0s
 18350K .......... .......... .......... .......... .......... 70%  319M 0s
 18400K .......... .......... .......... .......... .......... 70%  271M 0s
 18450K .......... .......... .......... .......... .......... 71%  285M 0s
 18500K .......... .......... .......... .......... .......... 71%  286M 0s
 18550K .......... .......... .......... .......... .......... 71%  274M 0s
 18600K .......... .......... .......... .......... .......... 71%  639K 0s
 18650K .......... .......... .......... .......... .......... 71%  177M 0s
 18700K .......... .......... .......... .......... .......... 72%  255M 0s
 18750K .......... .......... .......... .......... .......... 72%  220M 0s
 18800K .......... .......... .......... .......... .......... 72%  224M 0s
 18850K .......... .......... .......... .......... .......... 72%  217M 0s
 18900K .......... .......... .......... .......... .......... 72%  220M 0s
 18950K .......... .......... .......... .......... .......... 73%  247M 0s
 19000K .......... .......... .......... .......... .......... 73%  235M 0s
 19050K .......... .......... .......... .......... .......... 73%  203M 0s
 19100K .......... .......... .......... .......... .......... 73%  230M 0s
 19150K .......... .......... .......... .......... .......... 73%  253M 0s
 19200K .......... .......... .......... .......... .......... 73%  244M 0s
 19250K .......... .......... .......... .......... .......... 74%  220M 0s
 19300K .......... .......... .......... .......... .......... 74%  238M 0s
 19350K .......... .......... .......... .......... .......... 74%  225M 0s
 19400K .......... .......... .......... .......... .......... 74%  247M 0s
 19450K .......... .......... .......... .......... .......... 74%  206M 0s
 19500K .......... .......... .......... .......... .......... 75%  251M 0s
 19550K .......... .......... .......... .......... .......... 75%  248M 0s
 19600K .......... .......... .......... .......... .......... 75%  237M 0s
 19650K .......... .......... .......... .......... .......... 75%  206M 0s
 19700K .......... .......... .......... .......... .......... 75%  237M 0s
 19750K .......... .......... .......... .......... .......... 76%  214M 0s
 19800K .......... .......... .......... .......... .......... 76%  216M 0s
 19850K .......... .......... .......... .......... .......... 76%  190M 0s
 19900K .......... .......... .......... .......... .......... 76%  249M 0s
 19950K .......... .......... .......... .......... .......... 76%  255M 0s
 20000K .......... .......... .......... .......... .......... 77%  205M 0s
 20050K .......... .......... .......... .......... .......... 77%  251M 0s
 20100K .......... .......... .......... .......... .......... 77%  235M 0s
 20150K .......... .......... .......... .......... .......... 77%  245M 0s
 20200K .......... .......... .......... .......... .......... 77%  194M 0s
 20250K .......... .......... .......... .......... .......... 77%  242M 0s
 20300K .......... .......... .......... .......... .......... 78%  255M 0s
 20350K .......... .......... .......... .......... .......... 78%  240M 0s
 20400K .......... .......... .......... .......... .......... 78%  225M 0s
 20450K .......... .......... .......... .......... .......... 78%  253M 0s
 20500K .......... .......... .......... .......... .......... 78%  197M 0s
 20550K .......... .......... .......... .......... .......... 79%  255M 0s
 20600K .......... .......... .......... .......... .......... 79%  203M 0s
 20650K .......... .......... .......... .......... .......... 79%  286M 0s
 20700K .......... .......... .......... .......... .......... 79%  330M 0s
 20750K .......... .......... .......... .......... .......... 79%  297M 0s
 20800K .......... .......... .......... .......... .......... 80%  271M 0s
 20850K .......... .......... .......... .......... .......... 80%  300M 0s
 20900K .......... .......... .......... .......... .......... 80%  311M 0s
 20950K .......... .......... .......... .......... .......... 80%  254M 0s
 21000K .......... .......... .......... .......... .......... 80%  310M 0s
 21050K .......... .......... .......... .......... .......... 81%  286M 0s
 21100K .......... .......... .......... .......... .......... 81%  299M 0s
 21150K .......... .......... .......... .......... .......... 81%  267M 0s
 21200K .......... .......... .......... .......... .......... 81%  309M 0s
 21250K .......... .......... .......... .......... .......... 81%  289M 0s
 21300K .......... .......... .......... .......... .......... 82%  302M 0s
 21350K .......... .......... .......... .......... .......... 82%  245M 0s
 21400K .......... .......... .......... .......... .......... 82%  302M 0s
 21450K .......... .......... .......... .......... .......... 82%  317M 0s
 21500K .......... .......... .......... .......... .......... 82%  325M 0s
 21550K .......... .......... .......... .......... .......... 82%  286M 0s
 21600K .......... .......... .......... .......... .......... 83%  306M 0s
 21650K .......... .......... .......... .......... .......... 83%  258M 0s
 21700K .......... .......... .......... .......... .......... 83%  288M 0s
 21750K .......... .......... .......... .......... .......... 83%  266M 0s
 21800K .......... .......... .......... .......... .......... 83%  264M 0s
 21850K .......... .......... .......... .......... .......... 84%  298M 0s
 21900K .......... .......... .......... .......... .......... 84%  245M 0s
 21950K .......... .......... .......... .......... .......... 84%  271M 0s
 22000K .......... .......... .......... .......... .......... 84%  264M 0s
 22050K .......... .......... .......... .......... .......... 84%  273M 0s
 22100K .......... .......... .......... .......... .......... 85%  314M 0s
 22150K .......... .......... .......... .......... .......... 85%  261M 0s
 22200K .......... .......... .......... .......... .......... 85%  296M 0s
 22250K .......... .......... .......... .......... .......... 85%  261M 0s
 22300K .......... .......... .......... .......... .......... 85%  260M 0s
 22350K .......... .......... .......... .......... .......... 86%  255M 0s
 22400K .......... .......... .......... .......... .......... 86%  305M 0s
 22450K .......... .......... .......... .......... .......... 86%  283M 0s
 22500K .......... .......... .......... .......... .......... 86%  592K 0s
 22550K .......... .......... .......... .......... .......... 86%  115M 0s
 22600K .......... .......... .......... .......... .......... 87%  113M 0s
 22650K .......... .......... .......... .......... .......... 87%  125M 0s
 22700K .......... .......... .......... .......... .......... 87%  110M 0s
 22750K .......... .......... .......... .......... .......... 87%  108M 0s
 22800K .......... .......... .......... .......... .......... 87%  112M 0s
 22850K .......... .......... .......... .......... .......... 87%  129M 0s
 22900K .......... .......... .......... .......... .......... 88%  125M 0s
 22950K .......... .......... .......... .......... .......... 88%  111M 0s
 23000K .......... .......... .......... .......... .......... 88%  123M 0s
 23050K .......... .......... .......... .......... .......... 88%  123M 0s
 23100K .......... .......... .......... .......... .......... 88%  131M 0s
 23150K .......... .......... .......... .......... .......... 89% 96.9M 0s
 23200K .......... .......... .......... .......... .......... 89%  122M 0s
 23250K .......... .......... .......... .......... .......... 89%  127M 0s
 23300K .......... .......... .......... .......... .......... 89%  126M 0s
 23350K .......... .......... .......... .......... .......... 89% 97.4M 0s
 23400K .......... .......... .......... .......... .......... 90%  127M 0s
 23450K .......... .......... .......... .......... .......... 90%  120M 0s
 23500K .......... .......... .......... .......... .......... 90%  127M 0s
 23550K .......... .......... .......... .......... .......... 90%  105M 0s
 23600K .......... .......... .......... .......... .......... 90%  131M 0s
 23650K .......... .......... .......... .......... .......... 91%  128M 0s
 23700K .......... .......... .......... .......... .......... 91%  143M 0s
 23750K .......... .......... .......... .......... .......... 91%  230M 0s
 23800K .......... .......... .......... .......... .......... 91%  257M 0s
 23850K .......... .......... .......... .......... .......... 91%  257M 0s
 23900K .......... .......... .......... .......... .......... 92%  237M 0s
 23950K .......... .......... .......... .......... .......... 92%  217M 0s
 24000K .......... .......... .......... .......... .......... 92%  261M 0s
 24050K .......... .......... .......... .......... .......... 92%  256M 0s
 24100K .......... .......... .......... .......... .......... 92%  202M 0s
 24150K .......... .......... .......... .......... .......... 92%  239M 0s
 24200K .......... .......... .......... .......... .......... 93%  260M 0s
 24250K .......... .......... .......... .......... .......... 93%  260M 0s
 24300K .......... .......... .......... .......... .......... 93%  208M 0s
 24350K .......... .......... .......... .......... .......... 93%  259M 0s
 24400K .......... .......... .......... .......... .......... 93%  232M 0s
 24450K .......... .......... .......... .......... .......... 94%  260M 0s
 24500K .......... .......... .......... .......... .......... 94%  232M 0s
 24550K .......... .......... .......... .......... .......... 94%  256M 0s
 24600K .......... .......... .......... .......... .......... 94%  251M 0s
 24650K .......... .......... .......... .......... .......... 94%  232M 0s
 24700K .......... .......... .......... .......... .......... 95%  211M 0s
 24750K .......... .......... .......... .......... .......... 95%  252M 0s
 24800K .......... .......... .......... .......... .......... 95%  255M 0s
 24850K .......... .......... .......... .......... .......... 95%  254M 0s
 24900K .......... .......... .......... .......... .......... 95%  211M 0s
 24950K .......... .......... .......... .......... .......... 96%  272M 0s
 25000K .......... .......... .......... .......... .......... 96%  256M 0s
 25050K .......... .......... .......... .......... .......... 96%  214M 0s
 25100K .......... .......... .......... .......... .......... 96%  247M 0s
 25150K .......... .......... .......... .......... .......... 96%  230M 0s
 25200K .......... .......... .......... .......... .......... 97%  247M 0s
 25250K .......... .......... .......... .......... .......... 97%  220M 0s
 25300K .......... .......... .......... .......... .......... 97%  252M 0s
 25350K .......... .......... .......... .......... .......... 97%  244M 0s
 25400K .......... .......... .......... .......... .......... 97%  239M 0s
 25450K .......... .......... .......... .......... .......... 97%  212M 0s
 25500K .......... .......... .......... .......... .......... 98%  254M 0s
 25550K .......... .......... .......... .......... .......... 98%  257M 0s
 25600K .......... .......... .......... .......... .......... 98%  245M 0s
 25650K .......... .......... .......... .......... .......... 98%  223M 0s
 25700K .......... .......... .......... .......... .......... 98%  260M 0s
 25750K .......... .......... .......... .......... .......... 99%  254M 0s
 25800K .......... .......... .......... .......... .......... 99%  176M 0s
 25850K .......... .......... .......... .......... .......... 99%  208M 0s
 25900K .......... .......... .......... .......... .......... 99%  227M 0s
 25950K .......... .......... .......... .......... .......... 99%  257M 0s
 26000K .......... .......... .......                         100%  227M=1.3s

2025-03-01 11:36:41 (19.7 MB/s) - 'MG5_aMC_v2.9.18.tar.gz' saved [26651876/26651876]

patching file models/loop_qcd_qed_sm/restrict_lepton_masses_no_lepton_yukawas.dat
patching file models/loop_sm/restrict_ckm_no_b_mass.dat
patching file models/sm/restrict_ckm_lepton_masses.dat
patching file models/sm/restrict_ckm_lepton_masses_no_b_mass.dat
patching file models/sm/restrict_ckm_no_b_mass.dat
patching file models/sm/restrict_lepton_masses_no_b_mass.dat
patching file Template/NLO/SubProcesses/MCmasses_PYTHIA8.inc
patching file madgraph/interface/loop_interface.py
patching file madgraph/various/systematics.py
Hunk #1 succeeded at 342 (offset 3 lines).
Hunk #2 succeeded at 377 (offset 3 lines).
Hunk #3 succeeded at 551 (offset 3 lines).
patching file Template/NLO/Source/make_opts.inc
patching file madgraph/iolibs/export_v4.py
patching file madgraph/iolibs/template_files/pdf_opendata.f
patching file madgraph/iolibs/template_files/pdf_wrap_lhapdf.f
patching file madgraph/iolibs/template_files/pdf_wrap_lhapdf.f
patching file madgraph/interface/reweight_interface.py
patching file madgraph/interface/common_run_interface.py
patching file Template/LO/SubProcesses/refine.sh
patching file Template/LO/SubProcesses/refine_splitted.sh
patching file Template/LO/SubProcesses/survey.sh
patching file Template/NLO/SubProcesses/ajob_template
patching file Template/NLO/SubProcesses/reweight_xsec_events.local
patching file madgraph/various/misc.py
Hunk #1 succeeded at 514 (offset 39 lines).
patching file madgraph/various/cluster.py
************************************************************
*                                                          *
*                     W E L C O M E to                     *
*              M A D G R A P H 5 _ a M C @ N L O           *
*                                                          *
*                                                          *
*                 *                       *                *
*                   *        * *        *                  *
*                     * * * * 5 * * * *                    *
*                   *        * *        *                  *
*                 *                       *                *
*                                                          *
*         VERSION 2.9.18                2023-12-08         *
*                                                          *
*    The MadGraph5_aMC@NLO Development Team - Find us at   *
*    https://server06.fynu.ucl.ac.be/projects/madgraph     *
*                            and                           *
*            http://amcatnlo.web.cern.ch/amcatnlo/         *
*                                                          *
*               Type 'help' for in-line help.              *
*           Type 'tutorial' to learn how MG5 works         *
*    Type 'tutorial aMCatNLO' to learn how aMC@NLO works   *
*    Type 'tutorial MadLoop' to learn how MadLoop works    *
*                                                          *
************************************************************
load MG5 configuration from input/mg5_configuration.txt 
fastjet-config does not seem to correspond to a valid fastjet-config executable (v3+). We will use fjcore instead.
 Please set the 'fastjet'variable to the full (absolute) /PATH/TO/fastjet-config (including fastjet-config).
 MG5_aMC> set fastjet /PATH/TO/fastjet-config

set lhapdf to lhapdf-config
None does not seem to correspond to a valid lhapdf-config executable. 
Please set the 'lhapdf' variable to the (absolute) /PATH/TO/lhapdf-config (including lhapdf-config).
Note that you can still compile and run aMC@NLO with the built-in PDFs
 MG5_aMC> set lhapdf /PATH/TO/lhapdf-config

Using default text editor "vi". Set another one in ./input/mg5_configuration.txt
No valid eps viewer found. Please set in ./input/mg5_configuration.txt
No valid web browser found. Please set in ./input/mg5_configuration.txt
import /scratch/wbuitrag/genproductions/bin/MadGraph5_aMCatNLO/WLJetsToQQ_5f_LO_FXFX/WLJetsToQQ_5f_LO_FXFX_gridpack/work/MG5_aMC_v2_9_18/mgconfigscript
The import format was not given, so we guess it as command
set auto_update 0
set automatic_html_opening False
This option will be the default in any output that you are going to create in this session.
In order to keep this changes permanent please run 'save options'
set auto_convert_model True
save options auto_convert_model
save configuration file to /scratch/wbuitrag/genproductions/bin/MadGraph5_aMCatNLO/WLJetsToQQ_5f_LO_FXFX/WLJetsToQQ_5f_LO_FXFX_gridpack/work/MG5_aMC_v2_9_18/input/mg5_configuration.txt
set lhapdf_py3 /cvmfs/cms.cern.ch/el9_amd64_gcc11/external/lhapdf/6.4.0-a1eec6e5fc67bd79ff44968065caf8fe/share/LHAPDF/../../bin/lhapdf-config
set lhapdf to /cvmfs/cms.cern.ch/el9_amd64_gcc11/external/lhapdf/6.4.0-a1eec6e5fc67bd79ff44968065caf8fe/share/LHAPDF/../../bin/lhapdf-config
save options lhapdf_py3
save configuration file to /scratch/wbuitrag/genproductions/bin/MadGraph5_aMCatNLO/WLJetsToQQ_5f_LO_FXFX/WLJetsToQQ_5f_LO_FXFX_gridpack/work/MG5_aMC_v2_9_18/input/mg5_configuration.txt
set run_mode 2
This option will be the default in any output that you are going to create in this session.
In order to keep this changes permanent please run 'save options'
save options --all
save configuration file to /scratch/wbuitrag/genproductions/bin/MadGraph5_aMCatNLO/WLJetsToQQ_5f_LO_FXFX/WLJetsToQQ_5f_LO_FXFX_gridpack/work/MG5_aMC_v2_9_18/input/mg5_configuration.txt
quit
ls: cannot access '/scratch/wbuitrag/genproductions/bin/MadGraph5_aMCatNLO/cards/WLJetsToQQ_5f_LO_FXFX/WLJetsToQQ_5f_LO_FXFX*.patch': No such file or directory
/scratch/wbuitrag/genproductions/bin/MadGraph5_aMCatNLO/WLJetsToQQ_5f_LO_FXFX/WLJetsToQQ_5f_LO_FXFX_gridpack/work
************************************************************
*                                                          *
*                     W E L C O M E to                     *
*              M A D G R A P H 5 _ a M C @ N L O           *
*                                                          *
*                                                          *
*                 *                       *                *
*                   *        * *        *                  *
*                     * * * * 5 * * * *                    *
*                   *        * *        *                  *
*                 *                       *                *
*                                                          *
*         VERSION 2.9.18                2023-12-08         *
*                                                          *
*    The MadGraph5_aMC@NLO Development Team - Find us at   *
*    https://server06.fynu.ucl.ac.be/projects/madgraph     *
*                            and                           *
*            http://amcatnlo.web.cern.ch/amcatnlo/         *
*                                                          *
*               Type 'help' for in-line help.              *
*           Type 'tutorial' to learn how MG5 works         *
*    Type 'tutorial aMCatNLO' to learn how aMC@NLO works   *
*    Type 'tutorial MadLoop' to learn how MadLoop works    *
*                                                          *
************************************************************
load MG5 configuration from MG5_aMC_v2_9_18/input/mg5_configuration.txt 
None does not seem to correspond to a valid fastjet-config executable (v3+). We will use fjcore instead.
 Please set the 'fastjet'variable to the full (absolute) /PATH/TO/fastjet-config (including fastjet-config).
 MG5_aMC> set fastjet /PATH/TO/fastjet-config

set lhapdf to /cvmfs/cms.cern.ch/el9_amd64_gcc11/external/lhapdf/6.4.0-a1eec6e5fc67bd79ff44968065caf8fe/share/LHAPDF/../../bin/lhapdf-config
set lhapdf to /cvmfs/cms.cern.ch/el9_amd64_gcc11/external/lhapdf/6.4.0-a1eec6e5fc67bd79ff44968065caf8fe/share/LHAPDF/../../bin/lhapdf-config
Using default text editor "vi". Set another one in ./input/mg5_configuration.txt
No valid eps viewer found. Please set in ./input/mg5_configuration.txt
No valid web browser found. Please set in ./input/mg5_configuration.txt
import /scratch/wbuitrag/genproductions/bin/MadGraph5_aMCatNLO/WLJetsToQQ_5f_LO_FXFX/WLJetsToQQ_5f_LO_FXFX_gridpack/work/WLJetsToQQ_5f_LO_FXFX_proc_card.dat
The import format was not given, so we guess it as command
import model sm
INFO: load particles 
INFO: load vertices 
INFO: Restrict model sm with file MG5_aMC_v2_9_18/models/sm/restrict_default.dat . 
INFO: Run "set stdout_level DEBUG" before import for more information. 
INFO: Change particles name to pass to MG5 convention 
Defined multiparticle p = g u c d s u~ c~ d~ s~
Defined multiparticle j = g u c d s u~ c~ d~ s~
Defined multiparticle l+ = e+ mu+
Defined multiparticle l- = e- mu-
Defined multiparticle vl = ve vm vt
Defined multiparticle vl~ = ve~ vm~ vt~
Defined multiparticle all = g u c d s u~ c~ d~ s~ a ve vm vt e- mu- ve~ vm~ vt~ e+ mu+ t b t~ b~ z w+ h w- ta- ta+
define V = w+ w-
Defined multiparticle v = w+ w-
generate p p > V{0}
INFO: Checking for minimal orders which gives processes. 
INFO: Please specify coupling orders to bypass this step. 
INFO: Trying process: u d~ > w+{0} WEIGHTED<=2 @1  
INFO: Process has 1 diagrams 
INFO: Trying process: u s~ > w+{0} WEIGHTED<=2 @1  
INFO: Trying process: c d~ > w+{0} WEIGHTED<=2 @1  
INFO: Trying process: c s~ > w+{0} WEIGHTED<=2 @1  
INFO: Process has 1 diagrams 
INFO: Trying process: d u~ > w-{0} WEIGHTED<=2 @1  
INFO: Process has 1 diagrams 
INFO: Trying process: d c~ > w-{0} WEIGHTED<=2 @1  
INFO: Trying process: s u~ > w-{0} WEIGHTED<=2 @1  
INFO: Trying process: s c~ > w-{0} WEIGHTED<=2 @1  
INFO: Process has 1 diagrams 
INFO: Process u~ d > w-{0} added to mirror process d u~ > w-{0} 
INFO: Process c~ s > w-{0} added to mirror process s c~ > w-{0} 
INFO: Process d~ u > w+{0} added to mirror process u d~ > w+{0} 
INFO: Process s~ c > w+{0} added to mirror process c s~ > w+{0} 
4 processes with 4 diagrams generated in 0.018 s
Total: 4 processes with 4 diagrams
output WLJetsToQQ_5f_LO_FXFX -nojpeg
[1;34mPlugin PLUGIN.CMS_CLUSTER has marked as NOT being validated with this version. 
It has been validated for the last time with version: 2.6.0[0m
INFO: initialize a new directory: WLJetsToQQ_5f_LO_FXFX 
INFO: remove old information in WLJetsToQQ_5f_LO_FXFX 
INFO: Organizing processes into subprocess groups 
INFO: Generating Helas calls for process: u d~ > w+{0} WEIGHTED<=2 @1 
INFO: Processing color information for process: u d~ > w+{0} @1 
INFO: Combined process c s~ > w+{0} WEIGHTED<=2 @1 with process u d~ > w+{0} WEIGHTED<=2 @1 
INFO: Generating Helas calls for process: d u~ > w-{0} WEIGHTED<=2 @1 
INFO: Reusing existing color information for process: d u~ > w-{0} @1 
INFO: Combined process s c~ > w-{0} WEIGHTED<=2 @1 with process d u~ > w-{0} WEIGHTED<=2 @1 
INFO: Creating files in directory P1_qq_wp0 
INFO: Generating Feynman diagrams for Process: u d~ > w+{0} WEIGHTED<=2 @1 
INFO: Generating Feynman diagrams for Process: d u~ > w-{0} WEIGHTED<=2 @1 
INFO: Finding symmetric diagrams for subprocess group qq_wp0 
Generated helas calls for 2 subprocesses (2 diagrams) in 0.004 s
Wrote files for 8 helas calls in 0.049 s
ALOHA: aloha creates FFV2 routines
The option auto_update is modified [7] but will not be written in the configuration files.
If you want to make this value the default for future session, you can run 'save options --all'
save configuration file to /scratch/wbuitrag/genproductions/bin/MadGraph5_aMCatNLO/WLJetsToQQ_5f_LO_FXFX/WLJetsToQQ_5f_LO_FXFX_gridpack/work/WLJetsToQQ_5f_LO_FXFX/Cards/me5_configuration.txt
INFO: Use Fortran compiler gfortran 
INFO: Use c++ compiler g++ 
INFO: Generate web pages 
Output to directory /scratch/wbuitrag/genproductions/bin/MadGraph5_aMCatNLO/WLJetsToQQ_5f_LO_FXFX/WLJetsToQQ_5f_LO_FXFX_gridpack/work/WLJetsToQQ_5f_LO_FXFX done.
Type "launch" to generate events from this process, or see
/scratch/wbuitrag/genproductions/bin/MadGraph5_aMCatNLO/WLJetsToQQ_5f_LO_FXFX/WLJetsToQQ_5f_LO_FXFX_gridpack/work/WLJetsToQQ_5f_LO_FXFX/README
Run "open index.html" to see more information about this process.
display multiparticles
Multiparticle labels:
p = g u c d s u~ c~ d~ s~
j = g u c d s u~ c~ d~ s~
l+ = e+ mu+
l- = e- mu-
vl = ve vm vt
vl~ = ve~ vm~ vt~
all = g u c d s u~ c~ d~ s~ a ve vm vt e- mu- ve~ vm~ vt~ e+ mu+ t b t~ b~ z w+ h w- ta- ta+
v = w+ w-
quit
copying generated process to working directory
INFO: Using default PDF sets for run3 production
starting LO mode
************************************************************
*                                                          *
*                      W E L C O M E to                    *
*             M A D G R A P H 5 _ a M C @ N L O            *
*                      M A D E V E N T                     *
*                                                          *
*                 *                       *                *
*                   *        * *        *                  *
*                     * * * * 5 * * * *                    *
*                   *        * *        *                  *
*                 *                       *                *
*                                                          *
*         VERSION 2.9.18                                   *
*                                                          *
*    The MadGraph5_aMC@NLO Development Team - Find us at   *
*    https://server06.fynu.ucl.ac.be/projects/madgraph     *
*                                                          *
*               Type 'help' for in-line help.              *
*                                                          *
************************************************************
INFO: load configuration from /scratch/wbuitrag/genproductions/bin/MadGraph5_aMCatNLO/WLJetsToQQ_5f_LO_FXFX/WLJetsToQQ_5f_LO_FXFX_gridpack/work/processtmp/Cards/me5_configuration.txt  
INFO: load configuration from /scratch/wbuitrag/genproductions/bin/MadGraph5_aMCatNLO/WLJetsToQQ_5f_LO_FXFX/WLJetsToQQ_5f_LO_FXFX_gridpack/work/MG5_aMC_v2_9_18/input/mg5_configuration.txt  
INFO: load configuration from /scratch/wbuitrag/genproductions/bin/MadGraph5_aMCatNLO/WLJetsToQQ_5f_LO_FXFX/WLJetsToQQ_5f_LO_FXFX_gridpack/work/processtmp/Cards/me5_configuration.txt  
Using default text editor "vi". Set another one in ./input/mg5_configuration.txt
No valid eps viewer found. Please set in ./input/mg5_configuration.txt
No valid web browser found. Please set in ./input/mg5_configuration.txt
generate_events pilotrun
stty: 'standard input': Inappropriate ioctl for device
The following switches determine which programs are run:
/===========================================================================\
| 1. Choose the shower/hadronization program   [1m  shower[0m = [01mNot Avail.[0m        |
| 2. Choose the detector simulation program    [1mdetector[0m = [01mNot Avail.[0m        |
| 3. Choose an analysis package (plot/convert) [1manalysis[0m = [01mNot Avail.[0m        |
| 4. Decay onshell particles                   [1m madspin[0m = [31mOFF[0m               |
| 5. Add weights to events for new hypp.       [1mreweight[0m = [01mNot Avail.[0m        |
\===========================================================================/
Either type the switch number (1 to 5) to change its setting,
Set any switch explicitly (e.g. type 'madspin=ON' at the prompt)
Type 'help' for the list of all valid option
Type '0', 'auto', 'done' or just press enter when you are done.[60s to answer] 
>stty: 'standard input': Inappropriate ioctl for device
[1;34mrun_card missed argument bias_module. Takes default: None[0m
Do you want to edit a card (press enter to bypass editing)?
/------------------------------------------------------------\
|  [31m1[0m. param : [32mparam_card.dat[0m                                 |
|  [31m2[0m. run   : [32mrun_card.dat[0m                                   |
\------------------------------------------------------------/
 you can also
   - enter the path to a valid card or banner.
   - use the 'set' command to modify a parameter directly.
     The set option works only for param_card and run_card.
     Type 'help set' for more information on this command.
   - call an external program (ASperGE/MadWidth/...).
     Type 'help' for the list of available command
 [[4m0[0m, done, 1, param, 2, run, enter path][90s to answer] 
>[1mINFO: modify parameter gridpack of the run_card.dat to True [0m
Do you want to edit a card (press enter to bypass editing)?
/------------------------------------------------------------\
|  [31m1[0m. param : [32mparam_card.dat[0m                                 |
|  [31m2[0m. run   : [32mrun_card.dat[0m                                   |
\------------------------------------------------------------/
 you can also
   - enter the path to a valid card or banner.
   - use the 'set' command to modify a parameter directly.
     The set option works only for param_card and run_card.
     Type 'help set' for more information on this command.
   - call an external program (ASperGE/MadWidth/...).
     Type 'help' for the list of available command
 [[4m0[0m, done, 1, param, 2, run, enter path] 
>INFO: Update the dependent parameter of the param_card.dat 
Generating gridpack with run name pilotrun
survey  pilotrun --accuracy=0.01 --points=2000 --iterations=8 --gridpack=.true.
INFO: compile directory 
INFO: Using LHAPDF v6.4.0 interface for PDFs 
compile Source Directory
Using random number seed offset = 21
INFO: Running Survey 
Creating Jobs
Working on SubProcesses
INFO: Compiling for process 1/1. 
INFO:     P1_qq_wp0  
INFO:     P1_qq_wp0  
INFO:  Idle: 1,  Running: 0,  Completed: 0 [ current time: 11h36 ] 
INFO:  Idle: 0,  Running: 0,  Completed: 1 [  0.11s  ] 
INFO:  Idle: 0,  Running: 0,  Completed: 1 [  0.11s  ] 
sum of cpu time of last step: 0 second
  === Results Summary for run: pilotrun tag: tag_1 ===

     Cross-section :   0 +- 0 pb
     Nb of events :  0
 
INFO: End survey 
combine_events
INFO: Combining Events 
combination of events done in 0.005258321762084961 s 
store_events
INFO: Storing parton level results 
INFO: End Parton 
decay_events -from_cards
create_gridpack
INFO: Creating gridpack 
P1_qq_wp0
Cleaning  SubProcesses. 
INFO: gridpack created 
quit
INFO: storing files of previous run 
INFO: Done 
INFO:  
finished pilot run
cleaning temporary output
unpacking temporary gridpack
cleaning temporary gridpack
Now generating 1000 events with random seed 234567 and granularity 1
************************************************************
*                                                          *
*                      W E L C O M E to                    *
*             M A D G R A P H 5 _ a M C @ N L O            *
*                      M A D E V E N T                     *
*                                                          *
*                 *                       *                *
*                   *        * *        *                  *
*                     * * * * 5 * * * *                    *
*                   *        * *        *                  *
*                 *                       *                *
*                                                          *
*         VERSION 2.9.18                                   *
*                                                          *
*    The MadGraph5_aMC@NLO Development Team - Find us at   *
*    https://server06.fynu.ucl.ac.be/projects/madgraph     *
*                                                          *
*               Type 'help' for in-line help.              *
*                                                          *
************************************************************
INFO: load configuration from /scratch/wbuitrag/genproductions/bin/MadGraph5_aMCatNLO/WLJetsToQQ_5f_LO_FXFX/WLJetsToQQ_5f_LO_FXFX_gridpack/work/process/madevent/Cards/me5_configuration.txt  
INFO: load configuration from /scratch/wbuitrag/genproductions/bin/MadGraph5_aMCatNLO/WLJetsToQQ_5f_LO_FXFX/WLJetsToQQ_5f_LO_FXFX_gridpack/work/MG5_aMC_v2_9_18/input/mg5_configuration.txt  
INFO: load configuration from /scratch/wbuitrag/genproductions/bin/MadGraph5_aMCatNLO/WLJetsToQQ_5f_LO_FXFX/WLJetsToQQ_5f_LO_FXFX_gridpack/work/process/madevent/Cards/me5_configuration.txt  
Using default text editor "vi". Set another one in ./input/mg5_configuration.txt
No valid eps viewer found. Please set in ./input/mg5_configuration.txt
No valid web browser found. Please set in ./input/mg5_configuration.txt
WRITE GRIDCARD /scratch/wbuitrag/genproductions/bin/MadGraph5_aMCatNLO/WLJetsToQQ_5f_LO_FXFX/WLJetsToQQ_5f_LO_FXFX_gridpack/work/process/madevent
generate 1000 events
P1_qq_wp0
Using random number seed offset = 234567
INFO: Generating 1000.0 unweighted events. 
sum of cpu time of last step: 0 second
INFO: need to improve 0 channels 
combine_events
Traceback (most recent call last):
  File "/scratch/wbuitrag/genproductions/bin/MadGraph5_aMCatNLO/WLJetsToQQ_5f_LO_FXFX/WLJetsToQQ_5f_LO_FXFX_gridpack/work/process/./madevent/bin/gridrun", line 95, in <module>
    cmd_line = cmd_interface.GridPackCmd(me_dir=root_path, nb_event=args[0], seed=args[1], gran=args[2])            
  File "/scratch/wbuitrag/genproductions/bin/MadGraph5_aMCatNLO/WLJetsToQQ_5f_LO_FXFX/WLJetsToQQ_5f_LO_FXFX_gridpack/work/process/madevent/bin/internal/madevent_interface.py", line 6479, in __init__
    self.launch(nb_event, seed)
  File "/scratch/wbuitrag/genproductions/bin/MadGraph5_aMCatNLO/WLJetsToQQ_5f_LO_FXFX/WLJetsToQQ_5f_LO_FXFX_gridpack/work/process/madevent/bin/internal/madevent_interface.py", line 6589, in launch
    self.exec_cmd('combine_events')
  File "/scratch/wbuitrag/genproductions/bin/MadGraph5_aMCatNLO/WLJetsToQQ_5f_LO_FXFX/WLJetsToQQ_5f_LO_FXFX_gridpack/work/process/madevent/bin/internal/extended_cmd.py", line 1570, in exec_cmd
    stop = Cmd.onecmd_orig(current_interface, line, **opt)
  File "/scratch/wbuitrag/genproductions/bin/MadGraph5_aMCatNLO/WLJetsToQQ_5f_LO_FXFX/WLJetsToQQ_5f_LO_FXFX_gridpack/work/process/madevent/bin/internal/extended_cmd.py", line 1490, in onecmd_orig
    return func(arg, **opt)
  File "/scratch/wbuitrag/genproductions/bin/MadGraph5_aMCatNLO/WLJetsToQQ_5f_LO_FXFX/WLJetsToQQ_5f_LO_FXFX_gridpack/work/process/madevent/bin/internal/madevent_interface.py", line 6772, in do_combine_events
    nb_event = AllEvent.unweight(pjoin(outdir, self.run_name, "unweighted_events.lhe.gz"),
  File "/scratch/wbuitrag/genproductions/bin/MadGraph5_aMCatNLO/WLJetsToQQ_5f_LO_FXFX/WLJetsToQQ_5f_LO_FXFX_gridpack/work/process/madevent/bin/internal/lhe_parser.py", line 1226, in unweight
    return super(MultiEventFile, self).unweight(outputpath, get_wgt_multi, **opts)
  File "/scratch/wbuitrag/genproductions/bin/MadGraph5_aMCatNLO/WLJetsToQQ_5f_LO_FXFX/WLJetsToQQ_5f_LO_FXFX_gridpack/work/process/madevent/bin/internal/lhe_parser.py", line 489, in unweight
    max_wgt = all_wgt[-1]
IndexError: list index out of range
mv: cannot stat './Events/GridRun_234567/unweighted_events.lhe.gz': No such file or directory
write ./events.lhe.gz
mv: cannot stat 'events.lhe.gz': No such file or directory
using input+file /scratch/wbuitrag/genproductions/bin/MadGraph5_aMCatNLO/WLJetsToQQ_5f_LO_FXFX/WLJetsToQQ_5f_LO_FXFX_gridpack/work/process/madspinrun.dat
************************************************************
*                                                          *
*           W E L C O M E  to  M A D S P I N               *
*                                                          *
************************************************************
import /scratch/wbuitrag/genproductions/bin/MadGraph5_aMCatNLO/WLJetsToQQ_5f_LO_FXFX/WLJetsToQQ_5f_LO_FXFX_gridpack/work/unweighted_events.lhe.gz
Traceback (most recent call last):
  File "/scratch/wbuitrag/genproductions/bin/MadGraph5_aMCatNLO/WLJetsToQQ_5f_LO_FXFX/WLJetsToQQ_5f_LO_FXFX_gridpack/work/MG5_aMC_v2_9_18/MadSpin/madspin", line 139, in <module>
    cmd_line.import_command_file(input_file)
  File "/scratch/wbuitrag/genproductions/bin/MadGraph5_aMCatNLO/WLJetsToQQ_5f_LO_FXFX/WLJetsToQQ_5f_LO_FXFX_gridpack/work/MG5_aMC_v2_9_18/madgraph/interface/extended_cmd.py", line 1689, in import_command_file
    self.exec_cmd(line, precmd=True)
  File "/scratch/wbuitrag/genproductions/bin/MadGraph5_aMCatNLO/WLJetsToQQ_5f_LO_FXFX/WLJetsToQQ_5f_LO_FXFX_gridpack/work/MG5_aMC_v2_9_18/madgraph/interface/extended_cmd.py", line 1570, in exec_cmd
    stop = Cmd.onecmd_orig(current_interface, line, **opt)
  File "/scratch/wbuitrag/genproductions/bin/MadGraph5_aMCatNLO/WLJetsToQQ_5f_LO_FXFX/WLJetsToQQ_5f_LO_FXFX_gridpack/work/MG5_aMC_v2_9_18/madgraph/interface/extended_cmd.py", line 1490, in onecmd_orig
    return func(arg, **opt)
  File "/scratch/wbuitrag/genproductions/bin/MadGraph5_aMCatNLO/WLJetsToQQ_5f_LO_FXFX/WLJetsToQQ_5f_LO_FXFX_gridpack/work/MG5_aMC_v2_9_18/MadSpin/interface_madspin.py", line 206, in do_import
    raise self.InvalidCmd('No such file or directory : %s' % inputfile)
madgraph.interface.extended_cmd.Cmd.InvalidCmd: No such file or directory : /scratch/wbuitrag/genproductions/bin/MadGraph5_aMCatNLO/WLJetsToQQ_5f_LO_FXFX/WLJetsToQQ_5f_LO_FXFX_gridpack/work/unweighted_events.lhe.gz
preparing final gridpack
cleaning unneeded files from gridpack

